<?xml version="1.0" encoding="UTF-8"?>
<coverage generated="1711499590128" clover="3.2.0">
  <project timestamp="1711499590128" name="All files">
    <metrics statements="43" coveredstatements="25" conditionals="4" coveredconditionals="4" methods="7" coveredmethods="2" elements="54" coveredelements="31" complexity="0" loc="43" ncloc="43" packages="3" files="9" classes="9"/>
    <package name="arrays">
      <metrics statements="3" coveredstatements="3" conditionals="3" coveredconditionals="3" methods="1" coveredmethods="1"/>
      <file name="arraylable.ts" path="/home/gonzalo/LevelUp/workspace/lvlup-js-util-own-code/src/arrays/arraylable.ts">
        <metrics statements="3" coveredstatements="3" conditionals="3" coveredconditionals="3" methods="1" coveredmethods="1"/>
        <line num="1" count="1" type="cond" truecount="1" falsecount="0"/>
        <line num="2" count="2" type="cond" truecount="2" falsecount="0"/>
        <line num="3" count="2" type="stmt"/>
      </file>
    </package>
    <package name="check">
      <metrics statements="36" coveredstatements="20" conditionals="1" coveredconditionals="1" methods="5" coveredmethods="1"/>
      <file name="index.ts" path="/home/gonzalo/LevelUp/workspace/lvlup-js-util-own-code/src/check/index.ts">
        <metrics statements="5" coveredstatements="5" conditionals="0" coveredconditionals="0" methods="0" coveredmethods="0"/>
        <line num="1" count="1" type="stmt"/>
        <line num="2" count="1" type="stmt"/>
        <line num="3" count="1" type="stmt"/>
        <line num="4" count="1" type="stmt"/>
        <line num="5" count="1" type="stmt"/>
      </file>
      <file name="isEmpty.ts" path="/home/gonzalo/LevelUp/workspace/lvlup-js-util-own-code/src/check/isEmpty.ts">
        <metrics statements="6" coveredstatements="1" conditionals="0" coveredconditionals="0" methods="1" coveredmethods="0"/>
        <line num="1" count="1" type="stmt"/>
        <line num="2" count="0" type="stmt"/>
        <line num="3" count="0" type="stmt"/>
        <line num="4" count="0" type="stmt"/>
        <line num="5" count="0" type="stmt"/>
        <line num="6" count="0" type="stmt"/>
      </file>
      <file name="isFunction.ts" path="/home/gonzalo/LevelUp/workspace/lvlup-js-util-own-code/src/check/isFunction.ts">
        <metrics statements="5" coveredstatements="3" conditionals="0" coveredconditionals="0" methods="1" coveredmethods="0"/>
        <line num="1" count="1" type="stmt"/>
        <line num="2" count="1" type="stmt"/>
        <line num="3" count="1" type="stmt"/>
        <line num="4" count="0" type="stmt"/>
        <line num="5" count="0" type="stmt"/>
      </file>
      <file name="isNullOrUndefined.ts" path="/home/gonzalo/LevelUp/workspace/lvlup-js-util-own-code/src/check/isNullOrUndefined.ts">
        <metrics statements="5" coveredstatements="3" conditionals="0" coveredconditionals="0" methods="1" coveredmethods="0"/>
        <line num="1" count="1" type="stmt"/>
        <line num="2" count="1" type="stmt"/>
        <line num="3" count="1" type="stmt"/>
        <line num="4" count="0" type="stmt"/>
        <line num="5" count="0" type="stmt"/>
      </file>
      <file name="isObjectLike.ts" path="/home/gonzalo/LevelUp/workspace/lvlup-js-util-own-code/src/check/isObjectLike.ts">
        <metrics statements="12" coveredstatements="5" conditionals="0" coveredconditionals="0" methods="1" coveredmethods="0"/>
        <line num="1" count="1" type="stmt"/>
        <line num="2" count="1" type="stmt"/>
        <line num="3" count="1" type="stmt"/>
        <line num="4" count="1" type="stmt"/>
        <line num="5" count="1" type="stmt"/>
        <line num="6" count="0" type="stmt"/>
        <line num="7" count="0" type="stmt"/>
        <line num="8" count="0" type="stmt"/>
        <line num="9" count="0" type="stmt"/>
        <line num="10" count="0" type="stmt"/>
        <line num="11" count="0" type="stmt"/>
        <line num="12" count="0" type="stmt"/>
      </file>
      <file name="isString.ts" path="/home/gonzalo/LevelUp/workspace/lvlup-js-util-own-code/src/check/isString.ts">
        <metrics statements="3" coveredstatements="3" conditionals="1" coveredconditionals="1" methods="1" coveredmethods="1"/>
        <line num="1" count="1" type="cond" truecount="1" falsecount="0"/>
        <line num="2" count="5" type="stmt"/>
        <line num="3" count="5" type="stmt"/>
      </file>
    </package>
    <package name="misc">
      <metrics statements="4" coveredstatements="2" conditionals="0" coveredconditionals="0" methods="1" coveredmethods="0"/>
      <file name="index.ts" path="/home/gonzalo/LevelUp/workspace/lvlup-js-util-own-code/src/misc/index.ts">
        <metrics statements="1" coveredstatements="1" conditionals="0" coveredconditionals="0" methods="0" coveredmethods="0"/>
        <line num="1" count="1" type="stmt"/>
      </file>
      <file name="typeOf.ts" path="/home/gonzalo/LevelUp/workspace/lvlup-js-util-own-code/src/misc/typeOf.ts">
        <metrics statements="3" coveredstatements="1" conditionals="0" coveredconditionals="0" methods="1" coveredmethods="0"/>
        <line num="1" count="1" type="stmt"/>
        <line num="2" count="0" type="stmt"/>
        <line num="3" count="0" type="stmt"/>
      </file>
    </package>
  </project>
</coverage>
